<?xml version="1.0" encoding="UTF-8"?>
<!-- Generated by org.testng.reporters.JUnitXMLReporter -->
<testsuite ignored="0" hostname="DESKTOP-1J6Q2U8" failures="0" tests="3" name="Default test" time="0.059" errors="0" timestamp="2025-05-30T14:49:12 IST">
  <testcase classname="com.example.tests.TestNG_Reports" name="Testcase01" time="0.008"/>
  <testcase classname="com.example.tests.TestNG_Reports" name="Testcase02" time="0.002"/>
  <testcase classname="com.example.tests.TestNG_Reports" name="Testcase03" time="0.002"/>
</testsuite> <!-- Default test -->
