<?xml version="1.0" encoding="UTF-8"?>
<!-- Generated by org.testng.reporters.JUnitXMLReporter -->
<testsuite ignored="0" hostname="DESKTOP-1J6Q2U8" failures="1" tests="1" name="Test" time="24.573" errors="0" timestamp="2025-05-29T10:57:58 IST">
  <testcase classname="com.example.tests.Assertion_Demo" name="testmethod" time="24.357">
    <failure type="java.lang.AssertionError" message="The following asserts failed:
	Title Miss-match expected [Automation Testing Practice] but found [Automation Testing Practicee]">
      <![CDATA[java.lang.AssertionError: The following asserts failed:
Title Miss-match expected [Automation Testing Practice] but found [Automation Testing Practicee]
at com.example.tests.Assertion_Demo.testmethod(Assertion_Demo.java:54)
at java.base/java.util.ArrayList.forEach(ArrayList.java:1511)
... Removed 29 stack frames]]>
    </failure>
  </testcase> <!-- testmethod -->
</testsuite> <!-- Test -->
