<?xml version="1.0" encoding="UTF-8"?>
<testng-results ignored="0" total="1" passed="1" failed="0" skipped="0">
  <reporter-output>
  </reporter-output>
  <suite started-at="2025-05-29T15:57:16 IST" name="Default suite" finished-at="2025-05-29T15:57:31 IST" duration-ms="14351">
    <groups>
    </groups>
    <test started-at="2025-05-29T15:57:16 IST" name="Default test" finished-at="2025-05-29T15:57:31 IST" duration-ms="14351">
      <class name="com.example.tests.One_statement_fill_form">
        <test-method signature="main()[pri:0, instance:com.example.tests.One_statement_fill_form@40005471]" started-at="2025-05-29T15:57:16 IST" name="main" finished-at="2025-05-29T15:57:31 IST" duration-ms="14301" status="PASS">
          <reporter-output>
          </reporter-output>
        </test-method> <!-- main -->
      </class> <!-- com.example.tests.One_statement_fill_form -->
    </test> <!-- Default test -->
  </suite> <!-- Default suite -->
</testng-results>
